current: 0: (0, 'nor', ('$t1', 9), ('$t1', 9), ('$t1', 9))
current: 1: (1, 'addi', ('$t1', 9), ('$t1', 9), 28541)
current: 2: (1, 'addi', ('$t0', 8), ('$t0', 8), 11729)
current: 3: (1, 'addi', ('$t0', 8), ('$zero', 0), 8920)
current: 4: (1, 'addi', ('$t1', 9), ('$t1', 9), 1550)
current: 5: (1, 'addi', ('$t1', 9), ('$t1', 9), -25158)
current: 6: (1, 'beq', ('$t0', 8), ('$t1', 9), 5)
current: 7: (1, 'addi', ('$t0', 8), ('$t0', 8), -16512)
current: 8: (1, 'addi', ('$t0', 8), ('$zero', 0), -518)
current: 9: (1, 'beq', ('$t1', 9), ('$t0', 8), 2)
current: 10: (0, 'add', ('$t0', 8), ('$zero', 0), ('$t0', 8))
current: 11: (2, 'j', 11, -1)
--------------------
machine code:
01294827
21296f7d
21082dd1
200822d8
2129060e
21299dba
1109fffe
2108bf80
2008fdfa
1128fff8
00084020
0800000b
